<?xml version="1.0" encoding="UTF-8"?>
<testng-results ignored="0" total="1" passed="1" failed="0" skipped="0">
  <reporter-output>
  </reporter-output>
  <suite started-at="2021-11-28T16:55:03Z" name="Default suite" finished-at="2021-11-28T16:55:07Z" duration-ms="3767">
    <groups>
    </groups>
    <test started-at="2021-11-28T16:55:03Z" name="Default test" finished-at="2021-11-28T16:55:07Z" duration-ms="3767">
      <class name="oAuth.oAuthExample">
        <test-method signature="test()[pri:0, instance:oAuth.oAuthExample@352c1b98]" started-at="2021-11-28T16:55:03Z" name="test" finished-at="2021-11-28T16:55:07Z" duration-ms="3739" status="PASS">
          <reporter-output>
          </reporter-output>
        </test-method> <!-- test -->
      </class> <!-- oAuth.oAuthExample -->
    </test> <!-- Default test -->
  </suite> <!-- Default suite -->
</testng-results>
