<?xml version="1.0" encoding="UTF-8"?>
<testng-results ignored="0" total="1" passed="1" failed="0" skipped="0">
  <reporter-output>
  </reporter-output>
  <suite started-at="2021-11-27T17:11:13Z" name="Default suite" finished-at="2021-11-27T17:11:16Z" duration-ms="2519">
    <groups>
    </groups>
    <test started-at="2021-11-27T17:11:13Z" name="Default test" finished-at="2021-11-27T17:11:16Z" duration-ms="2519">
      <class name="RestAPIBDD.GetRequest">
        <test-method signature="GetCall()[pri:0, instance:RestAPIBDD.GetRequest@75d2da2d]" started-at="2021-11-27T17:11:13Z" name="GetCall" finished-at="2021-11-27T17:11:16Z" duration-ms="2495" status="PASS">
          <reporter-output>
          </reporter-output>
        </test-method> <!-- GetCall -->
      </class> <!-- RestAPIBDD.GetRequest -->
    </test> <!-- Default test -->
  </suite> <!-- Default suite -->
</testng-results>
